<?xml version="1.0" encoding="UTF-8"?>
<!-- Generated by org.testng.reporters.JUnitXMLReporter -->
<testsuite hostname="LAPTOP-D3PIV0PK" ignored="0" name="Test" tests="6" failures="1" timestamp="28 May 2022 18:19:14 GMT" time="0.142" errors="0">
  <testcase name="enterUserDetails" time="0.036" classname="maven_surefire_compile_plugins.RegisterUser">
    <failure type="java.lang.AssertionError" message="Failed purposely using Assert Fail">
      <![CDATA[java.lang.AssertionError: Failed purposely using Assert Fail
at maven_surefire_compile_plugins.RegisterUser.enterUserDetails(RegisterUser.java:11)
... Removed 30 stack frames]]>
    </failure>
  </testcase> <!-- enterUserDetails -->
  <testcase name="submitUserDetails" time="0.0" classname="maven_surefire_compile_plugins.RegisterUser"/>
  <testcase name="enterUrl" time="0.001" classname="maven_surefire_compile_plugins.OpenUrl"/>
  <testcase name="openBrowser" time="0.001" classname="maven_surefire_compile_plugins.OpenUrl"/>
  <testcase name="enterLoginCredentials" time="0.001" classname="maven_surefire_compile_plugins.Login"/>
  <testcase name="submitLoginCredentials" time="0.004" classname="maven_surefire_compile_plugins.Login">
    <skipped/>
  </testcase> <!-- submitLoginCredentials -->
</testsuite> <!-- Test -->
